# JRE version: Java(TM) SE Runtime Environment (7.0_51-b13) (build 1.7.0_51-b13)
# Java VM: Java HotSpot(TM) Client VM (24.51-b03 mixed mode, sharing windows-x86 )
Heap
 def new generation   total 4608K, used 1513K [0x22b00000, 0x23000000, 0x27b00000)
  eden space 4096K,  24% used [0x22b00000, 0x22bfa490, 0x22f00000)
  from space 512K, 100% used [0x22f80000, 0x23000000, 0x23000000)
  to   space 512K,   0% used [0x22f00000, 0x22f00000, 0x22f80000)
 tenured generation   total 10240K, used 3231K [0x27b00000, 0x28500000, 0x31b00000)
   the space 10240K,  31% used [0x27b00000, 0x27e27c50, 0x27e27e00, 0x28500000)
 compacting perm gen  total 12288K, used 4037K [0x31b00000, 0x32700000, 0x35b00000)
   the space 12288K,  32% used [0x31b00000, 0x31ef1500, 0x31ef1600, 0x32700000)
    ro space 10240K,  44% used [0x35b00000, 0x35f77e30, 0x35f78000, 0x36500000)
    rw space 12288K,  52% used [0x36500000, 0x36b4eb58, 0x36b4ec00, 0x37100000)
GC Heap History (6 events):
Event: 1.442 GC heap before
{Heap before GC invocations=0 (full 0):
 def new generation   total 4608K, used 4096K [0x22b00000, 0x23000000, 0x27b00000)
  eden space 4096K, 100% used [0x22b00000, 0x22f00000, 0x22f00000)
  from space 512K,   0% used [0x22f00000, 0x22f00000, 0x22f80000)
  to   space 512K,   0% used [0x22f80000, 0x22f80000, 0x23000000)
 tenured generation   total 10240K, used 0K [0x27b00000, 0x28500000, 0x31b00000)
   the space 10240K,   0% used [0x27b00000, 0x27b00000, 0x27b00200, 0x28500000)
 compacting perm gen  total 12288K, used 1880K [0x31b00000, 0x32700000, 0x35b00000)
   the space 12288K,  15% used [0x31b00000, 0x31cd6278, 0x31cd6400, 0x32700000)
    ro space 10240K,  44% used [0x35b00000, 0x35f77e30, 0x35f78000, 0x36500000)
    rw space 12288K,  52% used [0x36500000, 0x36b4eb58, 0x36b4ec00, 0x37100000)
Event: 1.463 GC heap after
Heap after GC invocations=1 (full 0):
 def new generation   total 4608K, used 512K [0x22b00000, 0x23000000, 0x27b00000)
  eden space 4096K,   0% used [0x22b00000, 0x22b00000, 0x22f00000)
  from space 512K, 100% used [0x22f80000, 0x23000000, 0x23000000)
  to   space 512K,   0% used [0x22f00000, 0x22f00000, 0x22f80000)
 tenured generation   total 10240K, used 940K [0x27b00000, 0x28500000, 0x31b00000)
   the space 10240K,   9% used [0x27b00000, 0x27beb2e0, 0x27beb400, 0x28500000)
 compacting perm gen  total 12288K, used 1880K [0x31b00000, 0x32700000, 0x35b00000)
   the space 12288K,  15% used [0x31b00000, 0x31cd6278, 0x31cd6400, 0x32700000)
    ro space 10240K,  44% used [0x35b00000, 0x35f77e30, 0x35f78000, 0x36500000)
    rw space 12288K,  52% used [0x36500000, 0x36b4eb58, 0x36b4ec00, 0x37100000)
}
Event: 5.006 GC heap before
{Heap before GC invocations=1 (full 0):
 def new generation   total 4608K, used 4603K [0x22b00000, 0x23000000, 0x27b00000)
  eden space 4096K,  99% used [0x22b00000, 0x22efed18, 0x22f00000)
  from space 512K, 100% used [0x22f80000, 0x23000000, 0x23000000)
  to   space 512K,   0% used [0x22f00000, 0x22f00000, 0x22f80000)
 tenured generation   total 10240K, used 940K [0x27b00000, 0x28500000, 0x31b00000)
   the space 10240K,   9% used [0x27b00000, 0x27beb2e0, 0x27beb400, 0x28500000)
 compacting perm gen  total 12288K, used 2804K [0x31b00000, 0x32700000, 0x35b00000)
   the space 12288K,  22% used [0x31b00000, 0x31dbd0d8, 0x31dbd200, 0x32700000)
    ro space 10240K,  44% used [0x35b00000, 0x35f77e30, 0x35f78000, 0x36500000)
    rw space 12288K,  52% used [0x36500000, 0x36b4eb58, 0x36b4ec00, 0x37100000)
Event: 5.024 GC heap after
Heap after GC invocations=2 (full 0):
 def new generation   total 4608K, used 512K [0x22b00000, 0x23000000, 0x27b00000)
  eden space 4096K,   0% used [0x22b00000, 0x22b00000, 0x22f00000)
  from space 512K, 100% used [0x22f00000, 0x22f80000, 0x22f80000)
  to   space 512K,   0% used [0x22f80000, 0x22f80000, 0x23000000)
 tenured generation   total 10240K, used 2036K [0x27b00000, 0x28500000, 0x31b00000)
   the space 10240K,  19% used [0x27b00000, 0x27cfd390, 0x27cfd400, 0x28500000)
 compacting perm gen  total 12288K, used 2804K [0x31b00000, 0x32700000, 0x35b00000)
   the space 12288K,  22% used [0x31b00000, 0x31dbd0d8, 0x31dbd200, 0x32700000)
    ro space 10240K,  44% used [0x35b00000, 0x35f77e30, 0x35f78000, 0x36500000)
    rw space 12288K,  52% used [0x36500000, 0x36b4eb58, 0x36b4ec00, 0x37100000)
}
Event: 9.823 GC heap before
{Heap before GC invocations=2 (full 0):
 def new generation   total 4608K, used 4608K [0x22b00000, 0x23000000, 0x27b00000)
  eden space 4096K, 100% used [0x22b00000, 0x22f00000, 0x22f00000)
  from space 512K, 100% used [0x22f00000, 0x22f80000, 0x22f80000)
  to   space 512K,   0% used [0x22f80000, 0x22f80000, 0x23000000)
 tenured generation   total 10240K, used 2036K [0x27b00000, 0x28500000, 0x31b00000)
   the space 10240K,  19% used [0x27b00000, 0x27cfd390, 0x27cfd400, 0x28500000)
 compacting perm gen  total 12288K, used 3949K [0x31b00000, 0x32700000, 0x35b00000)
   the space 12288K,  32% used [0x31b00000, 0x31edb710, 0x31edb800, 0x32700000)
    ro space 10240K,  44% used [0x35b00000, 0x35f77e30, 0x35f78000, 0x36500000)
    rw space 12288K,  52% used [0x36500000, 0x36b4eb58, 0x36b4ec00, 0x37100000)
Event: 9.841 GC heap after
Heap after GC invocations=3 (full 0):
 def new generation   total 4608K, used 512K [0x22b00000, 0x23000000, 0x27b00000)
  eden space 4096K,   0% used [0x22b00000, 0x22b00000, 0x22f00000)
  from space 512K, 100% used [0x22f80000, 0x23000000, 0x23000000)
  to   space 512K,   0% used [0x22f00000, 0x22f00000, 0x22f80000)
 tenured generation   total 10240K, used 3231K [0x27b00000, 0x28500000, 0x31b00000)
   the space 10240K,  31% used [0x27b00000, 0x27e27c50, 0x27e27e00, 0x28500000)
 compacting perm gen  total 12288K, used 3949K [0x31b00000, 0x32700000, 0x35b00000)
   the space 12288K,  32% used [0x31b00000, 0x31edb710, 0x31edb800, 0x32700000)
    ro space 10240K,  44% used [0x35b00000, 0x35f77e30, 0x35f78000, 0x36500000)
    rw space 12288K,  52% used [0x36500000, 0x36b4eb58, 0x36b4ec00, 0x37100000)
}

